c:\users\hoang son\desktop\bbt4 code\btt4 (btt3 update)\btt3\x64\debug\vc141.pdb
c:\users\hoang son\desktop\bbt4 code\btt4 (btt3 update)\btt3\x64\debug\vc141.idb
c:\users\hoang son\desktop\bbt4 code\btt4 (btt3 update)\btt3\x64\debug\requestdislaymesswithfriendgui.obj
c:\users\hoang son\desktop\bbt4 code\btt4 (btt3 update)\btt3\x64\debug\requestdislaymesswithfriendcontroller.obj
c:\users\hoang son\desktop\bbt4 code\btt4 (btt3 update)\btt3\x64\debug\registergui.obj
c:\users\hoang son\desktop\bbt4 code\btt4 (btt3 update)\btt3\x64\debug\registercontroller.obj
c:\users\hoang son\desktop\bbt4 code\btt4 (btt3 update)\btt3\x64\debug\menu.obj
c:\users\hoang son\desktop\bbt4 code\btt4 (btt3 update)\btt3\x64\debug\main.obj
c:\users\hoang son\desktop\bbt4 code\btt4 (btt3 update)\btt3\x64\debug\logoutgui.obj
c:\users\hoang son\desktop\bbt4 code\btt4 (btt3 update)\btt3\x64\debug\logoutcontroller.obj
c:\users\hoang son\desktop\bbt4 code\btt4 (btt3 update)\btt3\x64\debug\logingui.obj
c:\users\hoang son\desktop\bbt4 code\btt4 (btt3 update)\btt3\x64\debug\loginentity.obj
c:\users\hoang son\desktop\bbt4 code\btt4 (btt3 update)\btt3\x64\debug\logincontroller.obj
c:\users\hoang son\desktop\bbt4 code\btt4 (btt3 update)\btt3\x64\debug\displayfriendlistgui.obj
c:\users\hoang son\desktop\bbt4 code\btt4 (btt3 update)\btt3\x64\debug\displayfriendlistcontroller.obj
c:\users\hoang son\desktop\bbt4 code\btt4 (btt3 update)\btt3\x64\debug\displaydetailmessgui.obj
c:\users\hoang son\desktop\bbt4 code\btt4 (btt3 update)\btt3\x64\debug\displaydetailmesscontroller.obj
c:\users\hoang son\desktop\bbt4 code\btt4 (btt3 update)\btt3\x64\debug\connectsqlite.obj
c:\users\hoang son\desktop\bbt4 code\btt4 (btt3 update)\btt3\x64\debug\blockfriendgui.obj
c:\users\hoang son\desktop\bbt4 code\btt4 (btt3 update)\btt3\x64\debug\blockfriendcontroller.obj
c:\users\hoang son\desktop\bbt4 code\btt4 (btt3 update)\btt3\x64\debug\addfriendgui.obj
c:\users\hoang son\desktop\bbt4 code\btt4 (btt3 update)\btt3\x64\debug\addfriendcontroller.obj
c:\users\hoang son\desktop\bbt4 code\btt4 (btt3 update)\btt3\x64\debug\usermessinfo.obj
c:\users\hoang son\desktop\bbt4 code\btt4 (btt3 update)\btt3\x64\debug\userinfo.obj
c:\users\hoang son\desktop\bbt4 code\btt4 (btt3 update)\btt3\x64\debug\testsqlite.obj
c:\users\hoang son\desktop\bbt4 code\btt4 (btt3 update)\btt3\x64\debug\stdafx.obj
c:\users\hoang son\desktop\bbt4 code\btt4 (btt3 update)\btt3\x64\debug\sentmessgui.obj
c:\users\hoang son\desktop\bbt4 code\btt4 (btt3 update)\btt3\x64\debug\sentmessegecontroller.obj
c:\users\hoang son\desktop\bbt4 code\btt4 (btt3 update)\btt3\x64\debug\seenmessgui.obj
c:\users\hoang son\desktop\bbt4 code\btt4 (btt3 update)\btt3\x64\debug\seenmesscontroller.obj
c:\users\hoang son\desktop\bbt4 code\btt4 (btt3 update)\btt3\x64\debug\sqlite3.obj
c:\users\hoang son\desktop\bbt4 code\btt4 (btt3 update)\btt3\x64\debug\controller.obj
c:\users\hoang son\desktop\bbt4 code\btt4 (btt3 update)\x64\debug\btt3.exe
c:\users\hoang son\desktop\bbt4 code\btt4 (btt3 update)\x64\debug\btt3.ilk
c:\users\hoang son\desktop\bbt4 code\btt4 (btt3 update)\x64\debug\btt3.pdb
c:\users\hoang son\desktop\bbt4 code\btt4 (btt3 update)\btt3\x64\debug\sentmessegecontroller.obj.enc
c:\users\hoang son\desktop\bbt4 code\btt4 (btt3 update)\btt3\x64\debug\btt3.tlog\cl.command.1.tlog
c:\users\hoang son\desktop\bbt4 code\btt4 (btt3 update)\btt3\x64\debug\btt3.tlog\cl.read.1.tlog
c:\users\hoang son\desktop\bbt4 code\btt4 (btt3 update)\btt3\x64\debug\btt3.tlog\cl.write.1.tlog
c:\users\hoang son\desktop\bbt4 code\btt4 (btt3 update)\btt3\x64\debug\btt3.tlog\link-cvtres.read.1.tlog
c:\users\hoang son\desktop\bbt4 code\btt4 (btt3 update)\btt3\x64\debug\btt3.tlog\link-cvtres.write.1.tlog
c:\users\hoang son\desktop\bbt4 code\btt4 (btt3 update)\btt3\x64\debug\btt3.tlog\link-rc.read.1.tlog
c:\users\hoang son\desktop\bbt4 code\btt4 (btt3 update)\btt3\x64\debug\btt3.tlog\link-rc.write.1.tlog
c:\users\hoang son\desktop\bbt4 code\btt4 (btt3 update)\btt3\x64\debug\btt3.tlog\link.13920-cvtres.read.1.tlog
c:\users\hoang son\desktop\bbt4 code\btt4 (btt3 update)\btt3\x64\debug\btt3.tlog\link.13920-cvtres.write.1.tlog
c:\users\hoang son\desktop\bbt4 code\btt4 (btt3 update)\btt3\x64\debug\btt3.tlog\link.13920-rc.read.1.tlog
c:\users\hoang son\desktop\bbt4 code\btt4 (btt3 update)\btt3\x64\debug\btt3.tlog\link.13920-rc.write.1.tlog
c:\users\hoang son\desktop\bbt4 code\btt4 (btt3 update)\btt3\x64\debug\btt3.tlog\link.13920.read.1.tlog
c:\users\hoang son\desktop\bbt4 code\btt4 (btt3 update)\btt3\x64\debug\btt3.tlog\link.13920.write.1.tlog
c:\users\hoang son\desktop\bbt4 code\btt4 (btt3 update)\btt3\x64\debug\btt3.tlog\link.command.1.tlog
c:\users\hoang son\desktop\bbt4 code\btt4 (btt3 update)\btt3\x64\debug\btt3.tlog\link.read.1.tlog
c:\users\hoang son\desktop\bbt4 code\btt4 (btt3 update)\btt3\x64\debug\btt3.tlog\link.write.1.tlog
